2023-05-18 16:05:600 INFO  HomePage :35 - Mouse hover on buy and sell tab [[ChromeDriver: chrome on WINDOWS (cbbfc59c806da753b09a5a15105c94cf)] -> xpath: //a[normalize-space()='buy + sell']]
2023-05-18 16:05:28 INFO  HomePage :41 - Click on search cars link [[ChromeDriver: chrome on WINDOWS (cbbfc59c806da753b09a5a15105c94cf)] -> xpath: //a[normalize-space()='Search Cars']]
2023-05-18 16:05:642 INFO  NewAndUsedCarPage :50 - Select Make from dropdown [[ChromeDriver: chrome on WINDOWS (cbbfc59c806da753b09a5a15105c94cf)] -> xpath: //div[@class='form-group form-group-first']//select[@class='form-control']]
2023-05-18 16:05:813 INFO  NewAndUsedCarPage :56 - Select Model from dropdown [[ChromeDriver: chrome on WINDOWS (cbbfc59c806da753b09a5a15105c94cf)] -> xpath: //body[1]/div[6]/div[1]/div[1]/div[1]/div[1]/div[1]/div[1]/div[1]/form[1]/div[3]/select[1]]
2023-05-18 16:05:03 INFO  NewAndUsedCarPage :62 - Select Location from Dropdown [[ChromeDriver: chrome on WINDOWS (cbbfc59c806da753b09a5a15105c94cf)] -> xpath: //body[1]/div[6]/div[1]/div[1]/div[1]/div[1]/div[1]/div[1]/div[1]/form[1]/div[5]/select[1]]
2023-05-18 16:05:180 INFO  NewAndUsedCarPage :68 - Select Price from DropDown [[ChromeDriver: chrome on WINDOWS (cbbfc59c806da753b09a5a15105c94cf)] -> xpath: //select[@name='priceTo']]
2023-05-18 16:05:842 INFO  NewAndUsedCarPage :75 - Click on Find My NextCar Tab [[ChromeDriver: chrome on WINDOWS (cbbfc59c806da753b09a5a15105c94cf)] -> xpath: //input[@value='Find My Next Car']]
2023-05-18 17:05:347 INFO  HomePage :35 - Mouse hover on buy and sell tab [[ChromeDriver: chrome on WINDOWS (ae79d3eaf8d7ddbb04f0b5696c6a39d1)] -> xpath: //a[normalize-space()='buy + sell']]
2023-05-18 17:05:817 INFO  HomePage :41 - Click on search cars link [[ChromeDriver: chrome on WINDOWS (ae79d3eaf8d7ddbb04f0b5696c6a39d1)] -> xpath: //a[normalize-space()='Search Cars']]
2023-05-18 17:05:292 INFO  NewAndUsedCarPage :50 - Select Make from dropdown [[ChromeDriver: chrome on WINDOWS (ae79d3eaf8d7ddbb04f0b5696c6a39d1)] -> xpath: //div[@class='form-group form-group-first']//select[@class='form-control']]
2023-05-18 17:05:504 INFO  NewAndUsedCarPage :56 - Select Model from dropdown [[ChromeDriver: chrome on WINDOWS (ae79d3eaf8d7ddbb04f0b5696c6a39d1)] -> xpath: //body[1]/div[6]/div[1]/div[1]/div[1]/div[1]/div[1]/div[1]/div[1]/form[1]/div[3]/select[1]]
2023-05-18 17:05:674 INFO  NewAndUsedCarPage :62 - Select Location from Dropdown [[ChromeDriver: chrome on WINDOWS (ae79d3eaf8d7ddbb04f0b5696c6a39d1)] -> xpath: //body[1]/div[6]/div[1]/div[1]/div[1]/div[1]/div[1]/div[1]/div[1]/form[1]/div[5]/select[1]]
2023-05-18 17:05:842 INFO  NewAndUsedCarPage :68 - Select Price from DropDown [[ChromeDriver: chrome on WINDOWS (ae79d3eaf8d7ddbb04f0b5696c6a39d1)] -> xpath: //select[@name='priceTo']]
2023-05-18 17:05:631 INFO  HomePage :35 - Mouse hover on buy and sell tab [[ChromeDriver: chrome on WINDOWS (91a8bc0d85ce63378574e58bde0cbc13)] -> xpath: //a[normalize-space()='buy + sell']]
2023-05-18 17:05:852 INFO  HomePage :41 - Click on search cars link [[ChromeDriver: chrome on WINDOWS (91a8bc0d85ce63378574e58bde0cbc13)] -> xpath: //a[normalize-space()='Search Cars']]
2023-05-18 17:05:645 INFO  NewAndUsedCarPage :50 - Select Make from dropdown [[ChromeDriver: chrome on WINDOWS (91a8bc0d85ce63378574e58bde0cbc13)] -> xpath: //div[@class='form-group form-group-first']//select[@class='form-control']]
2023-05-18 17:05:811 INFO  NewAndUsedCarPage :56 - Select Model from dropdown [[ChromeDriver: chrome on WINDOWS (91a8bc0d85ce63378574e58bde0cbc13)] -> xpath: //body[1]/div[6]/div[1]/div[1]/div[1]/div[1]/div[1]/div[1]/div[1]/form[1]/div[3]/select[1]]
2023-05-18 17:05:978 INFO  NewAndUsedCarPage :62 - Select Location from Dropdown [[ChromeDriver: chrome on WINDOWS (91a8bc0d85ce63378574e58bde0cbc13)] -> xpath: //body[1]/div[6]/div[1]/div[1]/div[1]/div[1]/div[1]/div[1]/div[1]/form[1]/div[5]/select[1]]
2023-05-18 17:05:137 INFO  NewAndUsedCarPage :68 - Select Price from DropDown [[ChromeDriver: chrome on WINDOWS (91a8bc0d85ce63378574e58bde0cbc13)] -> xpath: //select[@name='priceTo']]
2023-05-18 17:05:45 INFO  NewAndUsedCarPage :75 - Click on Find My NextCar Tab [[ChromeDriver: chrome on WINDOWS (91a8bc0d85ce63378574e58bde0cbc13)] -> id: search-submit]
2023-05-18 17:05:768 INFO  HomePage :35 - Mouse hover on buy and sell tab [[ChromeDriver: chrome on WINDOWS (19c07794b5a324551e8e585bdbab1eb8)] -> xpath: //a[normalize-space()='buy + sell']]
2023-05-18 17:05:142 INFO  HomePage :41 - Click on search cars link [[ChromeDriver: chrome on WINDOWS (19c07794b5a324551e8e585bdbab1eb8)] -> xpath: //a[normalize-space()='Search Cars']]
2023-05-18 17:05:681 INFO  NewAndUsedCarPage :50 - Select Make from dropdown [[ChromeDriver: chrome on WINDOWS (19c07794b5a324551e8e585bdbab1eb8)] -> xpath: //div[@class='form-group form-group-first']//select[@class='form-control']]
2023-05-18 17:05:945 INFO  NewAndUsedCarPage :56 - Select Model from dropdown [[ChromeDriver: chrome on WINDOWS (19c07794b5a324551e8e585bdbab1eb8)] -> xpath: //body[1]/div[6]/div[1]/div[1]/div[1]/div[1]/div[1]/div[1]/div[1]/form[1]/div[3]/select[1]]
2023-05-18 17:05:107 INFO  NewAndUsedCarPage :62 - Select Location from Dropdown [[ChromeDriver: chrome on WINDOWS (19c07794b5a324551e8e585bdbab1eb8)] -> xpath: //body[1]/div[6]/div[1]/div[1]/div[1]/div[1]/div[1]/div[1]/div[1]/form[1]/div[5]/select[1]]
2023-05-18 17:05:271 INFO  NewAndUsedCarPage :68 - Select Price from DropDown [[ChromeDriver: chrome on WINDOWS (19c07794b5a324551e8e585bdbab1eb8)] -> xpath: //select[@name='priceTo']]
2023-05-18 17:05:15 INFO  NewAndUsedCarPage :75 - Click on Find My NextCar Tab [[ChromeDriver: chrome on WINDOWS (19c07794b5a324551e8e585bdbab1eb8)] -> id: search-submit]
2023-05-18 17:05:852 INFO  HomePage :35 - Mouse hover on buy and sell tab [[ChromeDriver: chrome on WINDOWS (36a3972db373feae90af93d0355f4eeb)] -> xpath: //a[normalize-space()='buy + sell']]
2023-05-18 17:05:213 INFO  HomePage :41 - Click on search cars link [[ChromeDriver: chrome on WINDOWS (36a3972db373feae90af93d0355f4eeb)] -> xpath: //a[normalize-space()='Search Cars']]
2023-05-18 17:05:691 INFO  NewAndUsedCarPage :50 - Select Make from dropdown [[ChromeDriver: chrome on WINDOWS (36a3972db373feae90af93d0355f4eeb)] -> xpath: //div[@class='form-group form-group-first']//select[@class='form-control']]
2023-05-18 17:05:900 INFO  NewAndUsedCarPage :56 - Select Model from dropdown [[ChromeDriver: chrome on WINDOWS (36a3972db373feae90af93d0355f4eeb)] -> xpath: //body[1]/div[6]/div[1]/div[1]/div[1]/div[1]/div[1]/div[1]/div[1]/form[1]/div[3]/select[1]]
2023-05-18 17:05:60 INFO  NewAndUsedCarPage :62 - Select Location from Dropdown [[ChromeDriver: chrome on WINDOWS (36a3972db373feae90af93d0355f4eeb)] -> xpath: //body[1]/div[6]/div[1]/div[1]/div[1]/div[1]/div[1]/div[1]/div[1]/form[1]/div[5]/select[1]]
2023-05-18 17:05:214 INFO  NewAndUsedCarPage :68 - Select Price from DropDown [[ChromeDriver: chrome on WINDOWS (36a3972db373feae90af93d0355f4eeb)] -> xpath: //select[@name='priceTo']]
2023-05-18 17:05:24 INFO  NewAndUsedCarPage :75 - Click on Find My NextCar Tab [[ChromeDriver: chrome on WINDOWS (36a3972db373feae90af93d0355f4eeb)] -> id: search-submit]
2023-05-18 19:05:861 INFO  HomePage :35 - Mouse hover on buy and sell tab [[ChromeDriver: chrome on WINDOWS (39e984bedcbb228528f8f9716db3f865)] -> xpath: //a[normalize-space()='buy + sell']]
2023-05-18 19:05:34 INFO  HomePage :47 - Click on Used link [[ChromeDriver: chrome on WINDOWS (39e984bedcbb228528f8f9716db3f865)] -> xpath: //a[normalize-space()='Used']]
2023-05-18 20:05:43 INFO  HomePage :35 - Mouse hover on buy and sell tab [[ChromeDriver: chrome on WINDOWS (c83e1cfb9f00e995f5a2db564a706f76)] -> xpath: //a[normalize-space()='buy + sell']]
2023-05-18 20:05:227 INFO  HomePage :47 - Click on Used link [[ChromeDriver: chrome on WINDOWS (c83e1cfb9f00e995f5a2db564a706f76)] -> xpath: //a[normalize-space()='Used']]
2023-05-18 20:05:318 INFO  HomePage :35 - Mouse hover on buy and sell tab [[ChromeDriver: chrome on WINDOWS (5591432f7d14c234c4690fb82def1584)] -> xpath: //a[normalize-space()='buy + sell']]
2023-05-18 20:05:51 INFO  HomePage :47 - Click on Used link [[ChromeDriver: chrome on WINDOWS (5591432f7d14c234c4690fb82def1584)] -> xpath: //a[normalize-space()='Used']]
2023-05-18 20:05:487 INFO  NewAndUsedCarPage :50 - Select Make from dropdown [[ChromeDriver: chrome on WINDOWS (5591432f7d14c234c4690fb82def1584)] -> xpath: //div[@class='form-group form-group-first']//select[@class='form-control']]
2023-05-18 20:05:807 INFO  NewAndUsedCarPage :56 - Select Model from dropdown [[ChromeDriver: chrome on WINDOWS (5591432f7d14c234c4690fb82def1584)] -> xpath: //body[1]/div[6]/div[1]/div[1]/div[1]/div[1]/div[1]/div[1]/div[1]/form[1]/div[3]/select[1]]
2023-05-18 20:05:964 INFO  NewAndUsedCarPage :62 - Select Location from Dropdown [[ChromeDriver: chrome on WINDOWS (5591432f7d14c234c4690fb82def1584)] -> xpath: //body[1]/div[6]/div[1]/div[1]/div[1]/div[1]/div[1]/div[1]/div[1]/form[1]/div[5]/select[1]]
2023-05-18 20:05:111 INFO  NewAndUsedCarPage :68 - Select Price from DropDown [[ChromeDriver: chrome on WINDOWS (5591432f7d14c234c4690fb82def1584)] -> xpath: //select[@name='priceTo']]
2023-05-18 20:05:362 INFO  HomePage :35 - Mouse hover on buy and sell tab [[ChromeDriver: chrome on WINDOWS (4696527bf394db2e78c52ebfa0168ec8)] -> xpath: //a[normalize-space()='buy + sell']]
2023-05-18 20:05:371 INFO  HomePage :35 - Mouse hover on buy and sell tab [[ChromeDriver: chrome on WINDOWS (6b3a94a7895c74bf62fc7db944ec90a1)] -> xpath: //a[normalize-space()='buy + sell']]
2023-05-18 20:05:691 INFO  HomePage :47 - Click on Used link [[ChromeDriver: chrome on WINDOWS (6b3a94a7895c74bf62fc7db944ec90a1)] -> xpath: //a[normalize-space()='Used']]
2023-05-18 20:05:33 INFO  NewAndUsedCarPage :50 - Select Make from dropdown [[ChromeDriver: chrome on WINDOWS (6b3a94a7895c74bf62fc7db944ec90a1)] -> id: makes]
2023-05-18 20:05:271 INFO  NewAndUsedCarPage :56 - Select Model from dropdown [[ChromeDriver: chrome on WINDOWS (6b3a94a7895c74bf62fc7db944ec90a1)] -> id: models]
2023-05-18 20:05:425 INFO  NewAndUsedCarPage :62 - Select Location from Dropdown [[ChromeDriver: chrome on WINDOWS (6b3a94a7895c74bf62fc7db944ec90a1)] -> id: locations]
2023-05-18 20:05:565 INFO  NewAndUsedCarPage :68 - Select Price from DropDown [[ChromeDriver: chrome on WINDOWS (6b3a94a7895c74bf62fc7db944ec90a1)] -> id: priceTo]
2023-05-18 20:05:492 INFO  HomePage :35 - Mouse hover on buy and sell tab [[ChromeDriver: chrome on WINDOWS (7cc6e0d04e550731d626b6e13af46207)] -> xpath: //a[normalize-space()='buy + sell']]
2023-05-18 20:05:691 INFO  HomePage :47 - Click on Used link [[ChromeDriver: chrome on WINDOWS (7cc6e0d04e550731d626b6e13af46207)] -> xpath: //a[normalize-space()='Used']]
2023-05-18 20:05:429 INFO  NewAndUsedCarPage :50 - Select Make from dropdown [[ChromeDriver: chrome on WINDOWS (7cc6e0d04e550731d626b6e13af46207)] -> id: makes]
2023-05-18 20:05:584 INFO  NewAndUsedCarPage :56 - Select Model from dropdown [[ChromeDriver: chrome on WINDOWS (7cc6e0d04e550731d626b6e13af46207)] -> id: models]
2023-05-18 20:05:724 INFO  NewAndUsedCarPage :62 - Select Location from Dropdown [[ChromeDriver: chrome on WINDOWS (7cc6e0d04e550731d626b6e13af46207)] -> id: locations]
2023-05-18 20:05:884 INFO  NewAndUsedCarPage :68 - Select Price from DropDown [[ChromeDriver: chrome on WINDOWS (7cc6e0d04e550731d626b6e13af46207)] -> id: priceTo]
2023-05-18 20:05:830 INFO  HomePage :35 - Mouse hover on buy and sell tab [[ChromeDriver: chrome on WINDOWS (ae5976ab2f4b567aa7bb5b43adb1f3db)] -> xpath: //a[normalize-space()='buy + sell']]
2023-05-18 20:05:40 INFO  HomePage :41 - Click on search cars link [[ChromeDriver: chrome on WINDOWS (ae5976ab2f4b567aa7bb5b43adb1f3db)] -> xpath: //a[normalize-space()='Search Cars']]
2023-05-18 20:05:965 INFO  NewAndUsedCarPage :50 - Select Make from dropdown [[ChromeDriver: chrome on WINDOWS (ae5976ab2f4b567aa7bb5b43adb1f3db)] -> id: makes]
2023-05-18 20:05:150 INFO  NewAndUsedCarPage :56 - Select Model from dropdown [[ChromeDriver: chrome on WINDOWS (ae5976ab2f4b567aa7bb5b43adb1f3db)] -> id: models]
2023-05-18 20:05:296 INFO  NewAndUsedCarPage :62 - Select Location from Dropdown [[ChromeDriver: chrome on WINDOWS (ae5976ab2f4b567aa7bb5b43adb1f3db)] -> id: locations]
2023-05-18 20:05:401 INFO  NewAndUsedCarPage :68 - Select Price from DropDown [[ChromeDriver: chrome on WINDOWS (ae5976ab2f4b567aa7bb5b43adb1f3db)] -> id: priceTo]
2023-05-18 20:05:656 INFO  NewAndUsedCarPage :75 - Click on Find My NextCar Tab [[ChromeDriver: chrome on WINDOWS (ae5976ab2f4b567aa7bb5b43adb1f3db)] -> id: search-submit]
2023-05-18 20:05:864 INFO  ResultsPage :35 - Verify user should see the Audi in results Audi
2023-05-18 22:05:790 INFO  HomePage :35 - Mouse hover on buy and sell tab [[ChromeDriver: chrome on WINDOWS (45d8e7c2ca840b2f4073632a679582dd)] -> xpath: //a[normalize-space()='buy + sell']]
2023-05-18 22:05:641 INFO  HomePage :47 - Click on Used link [[ChromeDriver: chrome on WINDOWS (45d8e7c2ca840b2f4073632a679582dd)] -> xpath: //a[normalize-space()='Used']]
2023-05-18 22:05:35 INFO  NewAndUsedCarPage :50 - Select Make from dropdown [[ChromeDriver: chrome on WINDOWS (45d8e7c2ca840b2f4073632a679582dd)] -> id: makes]
2023-05-18 22:05:148 INFO  NewAndUsedCarPage :56 - Select Model from dropdown [[ChromeDriver: chrome on WINDOWS (45d8e7c2ca840b2f4073632a679582dd)] -> id: models]
2023-05-18 22:05:252 INFO  NewAndUsedCarPage :62 - Select Location from Dropdown [[ChromeDriver: chrome on WINDOWS (45d8e7c2ca840b2f4073632a679582dd)] -> id: locations]
2023-05-18 22:05:357 INFO  NewAndUsedCarPage :68 - Select Price from DropDown [[ChromeDriver: chrome on WINDOWS (45d8e7c2ca840b2f4073632a679582dd)] -> id: priceTo]
2023-05-18 22:05:313 INFO  NewAndUsedCarPage :75 - Click on Find My NextCar Tab [[ChromeDriver: chrome on WINDOWS (45d8e7c2ca840b2f4073632a679582dd)] -> id: search-submit]
2023-05-18 22:05:544 INFO  ResultsPage :35 - Verify user should see the Ford in results Ford
2023-05-18 23:05:865 INFO  HomePage :36 - Mouse hover on buy and sell tab [[ChromeDriver: chrome on WINDOWS (18d7c366661c104d1555424f17928517)] -> xpath: //a[normalize-space()='buy + sell']]
2023-05-18 23:05:60 INFO  HomePage :54 - Click on Find a Dealer link [[ChromeDriver: chrome on WINDOWS (18d7c366661c104d1555424f17928517)] -> xpath: //a[normalize-space()='Find a Dealer']]
2023-05-18 23:05:256 INFO  HomePage :36 - Mouse hover on buy and sell tab [[ChromeDriver: chrome on WINDOWS (c5219ed19f1a8fe74885565863f87d86)] -> xpath: //a[normalize-space()='buy + sell']]
2023-05-18 23:05:257 INFO  HomePage :54 - Click on Find a Dealer link [[ChromeDriver: chrome on WINDOWS (c5219ed19f1a8fe74885565863f87d86)] -> xpath: //a[normalize-space()='Find a Dealer']]
2023-05-18 23:05:388 INFO  HomePage :36 - Mouse hover on buy and sell tab [[ChromeDriver: chrome on WINDOWS (62b8cb1195477e38588b0633c9e4eb47)] -> xpath: //a[normalize-space()='buy + sell']]
2023-05-18 23:05:546 INFO  HomePage :54 - Click on Find a Dealer link [[ChromeDriver: chrome on WINDOWS (62b8cb1195477e38588b0633c9e4eb47)] -> xpath: //a[normalize-space()='Find a Dealer']]
2023-05-19 20:05:83 INFO  HomePage :36 - Mouse hover on buy and sell tab [[ChromeDriver: chrome on WINDOWS (84c25253f48b47363859ce2bc8825233)] -> xpath: //a[normalize-space()='buy + sell']]
2023-05-19 20:05:549 INFO  HomePage :36 - Mouse hover on buy and sell tab [[ChromeDriver: chrome on WINDOWS (61a878f0a11952c0505003d997473b64)] -> xpath: //a[normalize-space()='buy + sell']]
2023-05-19 20:05:249 INFO  HomePage :54 - Click on Find a Dealer link [[ChromeDriver: chrome on WINDOWS (61a878f0a11952c0505003d997473b64)] -> xpath: //a[normalize-space()='Find a Dealer']]
2023-05-19 20:05:998 INFO  HomePage :36 - Mouse hover on buy and sell tab [[ChromeDriver: chrome on WINDOWS (e674a25dcfa19611cd6dfb8eec5896e0)] -> xpath: //a[normalize-space()='buy + sell']]
2023-05-19 20:05:160 INFO  HomePage :54 - Click on Find a Dealer link [[ChromeDriver: chrome on WINDOWS (e674a25dcfa19611cd6dfb8eec5896e0)] -> xpath: //a[normalize-space()='Find a Dealer']]
